Début de la vérification...
[ERROR] ConfigurationException.java:1: Il manque un caractère NewLine à la fin du fichier. [NewlineAtEndOfFile]
[ERROR] Jeu.java:1: Il manque un caractère NewLine à la fin du fichier. [NewlineAtEndOfFile]
[ERROR] Arbitre.java:8: Line has trailing spaces. [RegexpSingleline]
[ERROR] Arbitre.java:12:7: Le mot-clef 'public' n'apparaît pas dans l'ordre préconisé par les JLS. [ModifierOrder]
[ERROR] Arbitre.java:14:5: Chaque déclaration de variable doit faire l'objet d'une instruction à part. [MultipleVariableDeclarations]
[ERROR] Arbitre.java:14:19: La variable 'j1' devrait être privée et avoir des accesseurs. [VisibilityModifier]
[ERROR] Arbitre.java:14:23: La variable 'j2' devrait être privée et avoir des accesseurs. [VisibilityModifier]
[ERROR] Arbitre.java:16:16: La variable 'MAX_NbAllumettes' devrait être privée et avoir des accesseurs. [VisibilityModifier]
[ERROR] Arbitre.java:16:16: Le nom 'MAX_NbAllumettes' n'est pas conforme à l'expression '^[a-z][a-zA-Z0-9]*$'. [StaticVariableName]
[ERROR] Arbitre.java:16:35: '13' devrait être défini comme une constante. [MagicNumber]
[ERROR] Arbitre.java:18:19: La variable 'triche' devrait être privée et avoir des accesseurs. [VisibilityModifier]
[ERROR] Arbitre.java:20:20: La variable 'sc' devrait être privée et avoir des accesseurs. [VisibilityModifier]
[ERROR] Arbitre.java:24: Line has trailing spaces. [RegexpSingleline]
[ERROR] Arbitre.java:33: La ligne excède 90 caractères (trouvé 92). [LineLength]
[ERROR] Arbitre.java:33:45: 'sc' masque un attribut. [HiddenField]
[ERROR] Arbitre.java:39: Line has trailing spaces. [RegexpSingleline]
[ERROR] Arbitre.java:46: Line has trailing spaces. [RegexpSingleline]
[ERROR] Arbitre.java:56: Line has trailing spaces. [RegexpSingleline]
[ERROR] Arbitre.java:60: Line has trailing spaces. [RegexpSingleline]
[ERROR] Arbitre.java:65: La ligne excède 90 caractères (trouvé 94). [LineLength]
[ERROR] Arbitre.java:89:38: 'sc' masque un attribut. [HiddenField]
[ERROR] Arbitre.java:89:49: 'j1' masque un attribut. [HiddenField]
[ERROR] Arbitre.java:89:60: 'j2' masque un attribut. [HiddenField]
[ERROR] Arbitre.java:99: La ligne excède 90 caractères (trouvé 100). [LineLength]
[ERROR] Arbitre.java:120: La ligne excède 90 caractères (trouvé 98). [LineLength]
[ERROR] Arbitre.java:122: Line has trailing spaces. [RegexpSingleline]
[ERROR] Arbitre.java:126: La ligne excède 90 caractères (trouvé 96). [LineLength]
[ERROR] Arbitre.java:128: La ligne excède 90 caractères (trouvé 95). [LineLength]
[ERROR] Arbitre.java:159: Line has trailing spaces. [RegexpSingleline]
[ERROR] Arbitre.java:165: La ligne excède 90 caractères (trouvé 96). [LineLength]
[ERROR] Arbitre.java:183: Line has trailing spaces. [RegexpSingleline]
[ERROR] Arbitre.java:189: La ligne excède 90 caractères (trouvé 96). [LineLength]
[ERROR] Arbitre.java:206: Line has trailing spaces. [RegexpSingleline]
[ERROR] Arbitre.java:212: La ligne excède 90 caractères (trouvé 94). [LineLength]
[ERROR] Arbitre.java:215:42: '4' devrait être défini comme une constante. [MagicNumber]
[ERROR] Strategie.java:9:22: La variable 'strategie' devrait être privée et avoir des accesseurs. [VisibilityModifier]
[ERROR] CoupInvalideException.java:1: Il manque un caractère NewLine à la fin du fichier. [NewlineAtEndOfFile]
[ERROR] Joueur.java:9:22: La variable 'nom' devrait être privée et avoir des accesseurs. [VisibilityModifier]
[ERROR] Joueur.java:11:25: La variable 'strategie' devrait être privée et avoir des accesseurs. [VisibilityModifier]
[ERROR] Joueur.java:24: Line has trailing spaces. [RegexpSingleline]
[ERROR] Jouer.java:1: Il manque un caractère NewLine à la fin du fichier. [NewlineAtEndOfFile]
[ERROR] Jouer.java:12: Line has trailing spaces. [RegexpSingleline]
[ERROR] Jouer.java:12:5: Chaque déclaration de variable doit faire l'objet d'une instruction à part. [MultipleVariableDeclarations]
[ERROR] Jouer.java:12:19: La variable 'j1' devrait être privée et avoir des accesseurs. [VisibilityModifier]
[ERROR] Jouer.java:12:23: La variable 'j2' devrait être privée et avoir des accesseurs. [VisibilityModifier]
[ERROR] Jouer.java:14: Line has trailing spaces. [RegexpSingleline]
[ERROR] Jouer.java:14:21: La variable 'jeu1' devrait être privée et avoir des accesseurs. [VisibilityModifier]
[ERROR] Jouer.java:16:16: La variable 'MAX_NbAllumettes' devrait être privée et avoir des accesseurs. [VisibilityModifier]
[ERROR] Jouer.java:16:16: Le nom 'MAX_NbAllumettes' n'est pas conforme à l'expression '^[a-z][a-zA-Z0-9]*$'. [StaticVariableName]
[ERROR] Jouer.java:16:35: '13' devrait être défini comme une constante. [MagicNumber]
[ERROR] Jouer.java:17: Line has trailing spaces. [RegexpSingleline]
[ERROR] Jouer.java:20:20: La variable 'confiant' devrait être privée et avoir des accesseurs. [VisibilityModifier]
Vérification terminée.
